[2024-01-23T17:02:38.661+0000] {manager.py:469} INFO - Processing files using up to 2 processes at a time 
[2024-01-23T17:02:38.663+0000] {manager.py:470} INFO - Process each file at most once every 30 seconds
[2024-01-23T17:02:38.671+0000] {manager.py:471} INFO - Checking for new files in /opt/airflow/dags every 300 seconds
[2024-01-23T17:02:38.686+0000] {manager.py:738} INFO - Searching for files in /opt/airflow/dags
[2024-01-23T17:02:38.696+0000] {manager.py:741} INFO - There are 1 files in /opt/airflow/dags
[2024-01-23T17:02:38.767+0000] {manager.py:879} INFO - 
================================================================================
DAG File Processing Stats

File Path                           PID  Runtime      # DAGs    # Errors  Last Runtime    Last Run
--------------------------------  -----  ---------  --------  ----------  --------------  ----------
/opt/airflow/dags/spotify_dag.py     36  0.02s             0           0
================================================================================
[2024-01-23T17:03:09.128+0000] {manager.py:879} INFO - 
================================================================================
DAG File Processing Stats

File Path                           PID  Runtime      # DAGs    # Errors  Last Runtime    Last Run
--------------------------------  -----  ---------  --------  ----------  --------------  -------------------
/opt/airflow/dags/spotify_dag.py     37  0.01s             0           1  0.04s           2024-01-23T17:02:38
================================================================================
[2024-01-23T17:03:39.470+0000] {manager.py:879} INFO - 
================================================================================
DAG File Processing Stats

File Path                           PID  Runtime      # DAGs    # Errors  Last Runtime    Last Run
--------------------------------  -----  ---------  --------  ----------  --------------  -------------------
/opt/airflow/dags/spotify_dag.py     38  0.01s             0           1  0.07s           2024-01-23T17:03:09
================================================================================
[2024-01-23T17:04:09.834+0000] {manager.py:879} INFO - 
================================================================================
DAG File Processing Stats

File Path                           PID  Runtime      # DAGs    # Errors  Last Runtime    Last Run
--------------------------------  -----  ---------  --------  ----------  --------------  -------------------
/opt/airflow/dags/spotify_dag.py     39  0.02s             0           1  0.06s           2024-01-23T17:03:39
================================================================================
[2024-01-23T17:04:40.178+0000] {manager.py:879} INFO - 
================================================================================
DAG File Processing Stats

File Path                           PID  Runtime      # DAGs    # Errors  Last Runtime    Last Run
--------------------------------  -----  ---------  --------  ----------  --------------  -------------------
/opt/airflow/dags/spotify_dag.py     40  0.03s             0           1  0.08s           2024-01-23T17:04:09
================================================================================
[2024-01-23T17:05:10.522+0000] {manager.py:879} INFO - 
================================================================================
DAG File Processing Stats

File Path                           PID  Runtime      # DAGs    # Errors  Last Runtime    Last Run
--------------------------------  -----  ---------  --------  ----------  --------------  -------------------
/opt/airflow/dags/spotify_dag.py     41  0.01s             0           1  0.11s           2024-01-23T17:04:40
================================================================================
[2024-01-23T17:05:40.863+0000] {manager.py:879} INFO - 
================================================================================
DAG File Processing Stats

File Path                           PID  Runtime      # DAGs    # Errors  Last Runtime    Last Run
--------------------------------  -----  ---------  --------  ----------  --------------  -------------------
/opt/airflow/dags/spotify_dag.py     42  0.01s             0           1  0.08s           2024-01-23T17:05:10
================================================================================
[2024-01-23T17:06:11.238+0000] {manager.py:879} INFO - 
================================================================================
DAG File Processing Stats

File Path                           PID  Runtime      # DAGs    # Errors  Last Runtime    Last Run
--------------------------------  -----  ---------  --------  ----------  --------------  -------------------
/opt/airflow/dags/spotify_dag.py     43  0.03s             0           1  0.11s           2024-01-23T17:05:40
================================================================================
[2024-01-23T17:06:41.616+0000] {manager.py:879} INFO - 
================================================================================
DAG File Processing Stats

File Path                           PID  Runtime      # DAGs    # Errors  Last Runtime    Last Run
--------------------------------  -----  ---------  --------  ----------  --------------  -------------------
/opt/airflow/dags/spotify_dag.py     44  0.01s             0           1  0.13s           2024-01-23T17:06:11
================================================================================
[2024-01-23T17:07:11.974+0000] {manager.py:879} INFO - 
================================================================================
DAG File Processing Stats

File Path                           PID  Runtime      # DAGs    # Errors  Last Runtime    Last Run
--------------------------------  -----  ---------  --------  ----------  --------------  -------------------
/opt/airflow/dags/spotify_dag.py     45  0.02s             0           1  0.13s           2024-01-23T17:06:41
================================================================================
[2024-01-23T17:07:39.272+0000] {manager.py:738} INFO - Searching for files in /opt/airflow/dags
[2024-01-23T17:07:39.302+0000] {manager.py:741} INFO - There are 1 files in /opt/airflow/dags
[2024-01-23T17:07:42.399+0000] {manager.py:879} INFO - 
================================================================================
DAG File Processing Stats

File Path                           PID  Runtime      # DAGs    # Errors  Last Runtime    Last Run
--------------------------------  -----  ---------  --------  ----------  --------------  -------------------
/opt/airflow/dags/spotify_dag.py     46  0.02s             0           1  0.09s           2024-01-23T17:07:12
================================================================================
[2024-01-23T17:08:12.801+0000] {manager.py:879} INFO - 
================================================================================
DAG File Processing Stats

File Path                           PID  Runtime      # DAGs    # Errors  Last Runtime    Last Run
--------------------------------  -----  ---------  --------  ----------  --------------  -------------------
/opt/airflow/dags/spotify_dag.py     47  0.02s             0           1  0.12s           2024-01-23T17:07:42
================================================================================
[2024-01-23T17:08:43.185+0000] {manager.py:879} INFO - 
================================================================================
DAG File Processing Stats

File Path                           PID  Runtime      # DAGs    # Errors  Last Runtime    Last Run
--------------------------------  -----  ---------  --------  ----------  --------------  -------------------
/opt/airflow/dags/spotify_dag.py     48  0.02s             0           1  0.10s           2024-01-23T17:08:12
================================================================================
[2024-01-23T17:09:13.547+0000] {manager.py:879} INFO - 
================================================================================
DAG File Processing Stats

File Path                           PID  Runtime      # DAGs    # Errors  Last Runtime    Last Run
--------------------------------  -----  ---------  --------  ----------  --------------  -------------------
/opt/airflow/dags/spotify_dag.py     49  0.01s             0           1  0.09s           2024-01-23T17:08:43
================================================================================
[2024-01-23T17:09:43.878+0000] {manager.py:879} INFO - 
================================================================================
DAG File Processing Stats

File Path                           PID  Runtime      # DAGs    # Errors  Last Runtime    Last Run
--------------------------------  -----  ---------  --------  ----------  --------------  -------------------
/opt/airflow/dags/spotify_dag.py     50  0.01s             0           1  0.06s           2024-01-23T17:09:13
================================================================================
[2024-01-23T17:10:14.211+0000] {manager.py:879} INFO - 
================================================================================
DAG File Processing Stats

File Path                           PID  Runtime      # DAGs    # Errors  Last Runtime    Last Run
--------------------------------  -----  ---------  --------  ----------  --------------  -------------------
/opt/airflow/dags/spotify_dag.py     51  0.01s             0           1  0.06s           2024-01-23T17:09:43
================================================================================
[2024-01-23T17:10:44.504+0000] {manager.py:879} INFO - 
================================================================================
DAG File Processing Stats

File Path                           PID  Runtime      # DAGs    # Errors  Last Runtime    Last Run
--------------------------------  -----  ---------  --------  ----------  --------------  -------------------
/opt/airflow/dags/spotify_dag.py     52  0.01s             0           1  0.09s           2024-01-23T17:10:14
================================================================================
[2024-01-23T17:11:14.819+0000] {manager.py:879} INFO - 
================================================================================
DAG File Processing Stats

File Path                           PID  Runtime      # DAGs    # Errors  Last Runtime    Last Run
--------------------------------  -----  ---------  --------  ----------  --------------  -------------------
/opt/airflow/dags/spotify_dag.py     53  0.01s             0           1  0.08s           2024-01-23T17:10:44
================================================================================
[2024-01-23T17:11:45.193+0000] {manager.py:879} INFO - 
================================================================================
DAG File Processing Stats

File Path                           PID  Runtime      # DAGs    # Errors  Last Runtime    Last Run
--------------------------------  -----  ---------  --------  ----------  --------------  -------------------
/opt/airflow/dags/spotify_dag.py     54  0.03s             0           1  0.06s           2024-01-23T17:11:14
================================================================================
[2024-01-23T17:12:15.512+0000] {manager.py:879} INFO - 
================================================================================
DAG File Processing Stats

File Path                           PID  Runtime      # DAGs    # Errors  Last Runtime    Last Run
--------------------------------  -----  ---------  --------  ----------  --------------  -------------------
/opt/airflow/dags/spotify_dag.py     55  0.01s             0           1  0.10s           2024-01-23T17:11:45
================================================================================
[2024-01-23T17:12:39.787+0000] {manager.py:738} INFO - Searching for files in /opt/airflow/dags
[2024-01-23T17:12:39.804+0000] {manager.py:741} INFO - There are 1 files in /opt/airflow/dags
[2024-01-23T17:12:45.899+0000] {manager.py:879} INFO - 
================================================================================
DAG File Processing Stats

File Path                           PID  Runtime      # DAGs    # Errors  Last Runtime    Last Run
--------------------------------  -----  ---------  --------  ----------  --------------  -------------------
/opt/airflow/dags/spotify_dag.py     56  0.01s             0           1  0.07s           2024-01-23T17:12:15
================================================================================
[2024-01-23T17:13:16.257+0000] {manager.py:879} INFO - 
================================================================================
DAG File Processing Stats

File Path                           PID  Runtime      # DAGs    # Errors  Last Runtime    Last Run
--------------------------------  -----  ---------  --------  ----------  --------------  -------------------
/opt/airflow/dags/spotify_dag.py     57  0.01s             0           1  0.08s           2024-01-23T17:12:45
================================================================================
[2024-01-23T17:13:46.753+0000] {manager.py:879} INFO - 
================================================================================
DAG File Processing Stats

File Path                           PID  Runtime      # DAGs    # Errors  Last Runtime    Last Run
--------------------------------  -----  ---------  --------  ----------  --------------  -------------------
/opt/airflow/dags/spotify_dag.py     58  0.01s             0           1  0.09s           2024-01-23T17:13:16
================================================================================
[2024-01-23T17:14:17.143+0000] {manager.py:879} INFO - 
================================================================================
DAG File Processing Stats

File Path                           PID  Runtime      # DAGs    # Errors  Last Runtime    Last Run
--------------------------------  -----  ---------  --------  ----------  --------------  -------------------
/opt/airflow/dags/spotify_dag.py     59  0.01s             0           1  0.09s           2024-01-23T17:13:46
================================================================================
[2024-01-23T17:14:47.551+0000] {manager.py:879} INFO - 
================================================================================
DAG File Processing Stats

File Path                           PID  Runtime      # DAGs    # Errors  Last Runtime    Last Run
--------------------------------  -----  ---------  --------  ----------  --------------  -------------------
/opt/airflow/dags/spotify_dag.py     60  0.01s             0           1  0.09s           2024-01-23T17:14:17
================================================================================
[2024-01-23T17:17:36.529+0000] {manager.py:879} INFO - 
================================================================================
DAG File Processing Stats

File Path                         PID    Runtime      # DAGs    # Errors  Last Runtime    Last Run
--------------------------------  -----  ---------  --------  ----------  --------------  -------------------
/opt/airflow/dags/spotify_dag.py                           0           1  0.11s           2024-01-23T17:17:36
================================================================================
[2024-01-23T17:17:40.511+0000] {manager.py:738} INFO - Searching for files in /opt/airflow/dags
[2024-01-23T17:17:40.519+0000] {manager.py:741} INFO - There are 1 files in /opt/airflow/dags
[2024-01-23T17:48:25.191+0000] {manager.py:738} INFO - Searching for files in /opt/airflow/dags
[2024-01-23T17:48:25.203+0000] {manager.py:741} INFO - There are 1 files in /opt/airflow/dags
[2024-01-23T17:48:26.239+0000] {manager.py:879} INFO - 
================================================================================
DAG File Processing Stats

File Path                         PID    Runtime      # DAGs    # Errors  Last Runtime    Last Run
--------------------------------  -----  ---------  --------  ----------  --------------  -------------------
/opt/airflow/dags/spotify_dag.py                           0           1  0.07s           2024-01-23T17:48:25
================================================================================
[2024-01-23T18:33:42.220+0000] {manager.py:738} INFO - Searching for files in /opt/airflow/dags
[2024-01-23T18:33:42.302+0000] {manager.py:741} INFO - There are 1 files in /opt/airflow/dags
[2024-01-23T18:33:42.573+0000] {manager.py:879} INFO - 
================================================================================
DAG File Processing Stats

File Path                         PID    Runtime      # DAGs    # Errors  Last Runtime    Last Run
--------------------------------  -----  ---------  --------  ----------  --------------  -------------------
/opt/airflow/dags/spotify_dag.py                           0           1  0.22s           2024-01-23T18:33:42
================================================================================
[2024-01-23T18:56:51.583+0000] {manager.py:738} INFO - Searching for files in /opt/airflow/dags
[2024-01-23T18:56:51.593+0000] {manager.py:741} INFO - There are 1 files in /opt/airflow/dags
[2024-01-23T18:56:52.730+0000] {manager.py:879} INFO - 
================================================================================
DAG File Processing Stats

File Path                         PID    Runtime      # DAGs    # Errors  Last Runtime    Last Run
--------------------------------  -----  ---------  --------  ----------  --------------  -------------------
/opt/airflow/dags/spotify_dag.py                           0           1  0.19s           2024-01-23T18:56:51
================================================================================
[2024-01-23T20:16:57.221+0000] {manager.py:738} INFO - Searching for files in /opt/airflow/dags
[2024-01-23T20:16:57.237+0000] {manager.py:741} INFO - There are 1 files in /opt/airflow/dags
[2024-01-23T20:16:59.306+0000] {manager.py:879} INFO - 
================================================================================
DAG File Processing Stats

File Path                         PID    Runtime      # DAGs    # Errors  Last Runtime    Last Run
--------------------------------  -----  ---------  --------  ----------  --------------  -------------------
/opt/airflow/dags/spotify_dag.py                           0           1  0.14s           2024-01-23T20:16:57
================================================================================
[2024-01-23T21:16:02.003+0000] {manager.py:738} INFO - Searching for files in /opt/airflow/dags
[2024-01-23T21:16:02.016+0000] {manager.py:741} INFO - There are 1 files in /opt/airflow/dags
[2024-01-23T21:16:05.098+0000] {manager.py:879} INFO - 
================================================================================
DAG File Processing Stats

File Path                         PID    Runtime      # DAGs    # Errors  Last Runtime    Last Run
--------------------------------  -----  ---------  --------  ----------  --------------  -------------------
/opt/airflow/dags/spotify_dag.py                           0           1  0.10s           2024-01-23T21:16:02
================================================================================
[2024-01-23T22:39:04.636+0000] {manager.py:738} INFO - Searching for files in /opt/airflow/dags
[2024-01-23T22:39:04.646+0000] {manager.py:741} INFO - There are 1 files in /opt/airflow/dags
[2024-01-23T22:39:07.716+0000] {manager.py:879} INFO - 
================================================================================
DAG File Processing Stats

File Path                         PID    Runtime      # DAGs    # Errors  Last Runtime    Last Run
--------------------------------  -----  ---------  --------  ----------  --------------  -------------------
/opt/airflow/dags/spotify_dag.py                           0           1  0.09s           2024-01-23T22:39:04
================================================================================
[2024-01-24T00:03:27.802+0000] {manager.py:738} INFO - Searching for files in /opt/airflow/dags
[2024-01-24T00:03:27.823+0000] {manager.py:741} INFO - There are 1 files in /opt/airflow/dags
[2024-01-24T00:03:31.946+0000] {manager.py:879} INFO - 
================================================================================
DAG File Processing Stats

File Path                         PID    Runtime      # DAGs    # Errors  Last Runtime    Last Run
--------------------------------  -----  ---------  --------  ----------  --------------  -------------------
/opt/airflow/dags/spotify_dag.py                           0           1  0.20s           2024-01-24T00:03:28
================================================================================
[2024-01-24T00:21:52.632+0000] {manager.py:738} INFO - Searching for files in /opt/airflow/dags
[2024-01-24T00:21:52.646+0000] {manager.py:741} INFO - There are 1 files in /opt/airflow/dags
[2024-01-24T00:21:57.779+0000] {manager.py:879} INFO - 
================================================================================
DAG File Processing Stats

File Path                         PID    Runtime      # DAGs    # Errors  Last Runtime    Last Run
--------------------------------  -----  ---------  --------  ----------  --------------  -------------------
/opt/airflow/dags/spotify_dag.py                           0           1  0.09s           2024-01-24T00:21:52
================================================================================
[2024-01-24T02:02:09.544+0000] {manager.py:738} INFO - Searching for files in /opt/airflow/dags
[2024-01-24T02:02:09.557+0000] {manager.py:741} INFO - There are 1 files in /opt/airflow/dags
[2024-01-24T02:02:14.648+0000] {manager.py:879} INFO - 
================================================================================
DAG File Processing Stats

File Path                         PID    Runtime      # DAGs    # Errors  Last Runtime    Last Run
--------------------------------  -----  ---------  --------  ----------  --------------  -------------------
/opt/airflow/dags/spotify_dag.py                           0           1  0.12s           2024-01-24T02:02:09
================================================================================
[2024-01-24T03:20:26.957+0000] {manager.py:738} INFO - Searching for files in /opt/airflow/dags
[2024-01-24T03:20:26.979+0000] {manager.py:741} INFO - There are 1 files in /opt/airflow/dags
[2024-01-24T03:20:32.373+0000] {manager.py:879} INFO - 
================================================================================
DAG File Processing Stats

File Path                         PID    Runtime      # DAGs    # Errors  Last Runtime    Last Run
--------------------------------  -----  ---------  --------  ----------  --------------  -------------------
/opt/airflow/dags/spotify_dag.py                           0           1  0.11s           2024-01-24T03:20:27
================================================================================
[2024-01-24T04:20:21.972+0000] {manager.py:738} INFO - Searching for files in /opt/airflow/dags
[2024-01-24T04:20:22.082+0000] {manager.py:741} INFO - There are 1 files in /opt/airflow/dags
[2024-01-24T04:20:26.203+0000] {manager.py:879} INFO - 
================================================================================
DAG File Processing Stats

File Path                         PID    Runtime      # DAGs    # Errors  Last Runtime    Last Run
--------------------------------  -----  ---------  --------  ----------  --------------  -------------------
/opt/airflow/dags/spotify_dag.py                           0           1  0.20s           2024-01-24T04:20:22
================================================================================
[2024-01-24T05:38:41.081+0000] {manager.py:738} INFO - Searching for files in /opt/airflow/dags
[2024-01-24T05:38:41.089+0000] {manager.py:741} INFO - There are 1 files in /opt/airflow/dags
[2024-01-24T05:38:47.346+0000] {manager.py:879} INFO - 
================================================================================
DAG File Processing Stats

File Path                         PID    Runtime      # DAGs    # Errors  Last Runtime    Last Run
--------------------------------  -----  ---------  --------  ----------  --------------  -------------------
/opt/airflow/dags/spotify_dag.py                           0           1  0.13s           2024-01-24T05:38:41
================================================================================
[2024-01-24T06:32:40.861+0000] {manager.py:738} INFO - Searching for files in /opt/airflow/dags
[2024-01-24T06:32:40.871+0000] {manager.py:741} INFO - There are 1 files in /opt/airflow/dags
[2024-01-24T06:32:47.051+0000] {manager.py:879} INFO - 
================================================================================
DAG File Processing Stats

File Path                         PID    Runtime      # DAGs    # Errors  Last Runtime    Last Run
--------------------------------  -----  ---------  --------  ----------  --------------  -------------------
/opt/airflow/dags/spotify_dag.py                           0           1  0.09s           2024-01-24T06:32:41
================================================================================
[2024-01-24T06:34:13.418+0000] {manager.py:879} INFO - 
================================================================================
DAG File Processing Stats

File Path                         PID    Runtime      # DAGs    # Errors  Last Runtime    Last Run
--------------------------------  -----  ---------  --------  ----------  --------------  -------------------
/opt/airflow/dags/spotify_dag.py                           0           1  0.17s           2024-01-24T06:34:06
================================================================================
[2024-01-24T06:34:43.807+0000] {manager.py:879} INFO - 
================================================================================
DAG File Processing Stats

File Path                         PID    Runtime      # DAGs    # Errors  Last Runtime    Last Run
--------------------------------  -----  ---------  --------  ----------  --------------  -------------------
/opt/airflow/dags/spotify_dag.py                           0           1  0.14s           2024-01-24T06:34:36
================================================================================
[2024-01-24T06:34:44.451+0000] {manager.py:451} INFO - Exiting gracefully upon receiving signal 15
